[2020-04-20T14:42:35.544] [DEBUG] cheese - login => username:admin,password:123456
[2020-04-20T14:42:35.705] [DEBUG] cheese - admin
[2020-04-20T14:42:35.716] [DEBUG] cheese - null
[2020-04-20T14:42:35.717] [DEBUG] cheese - null
[2020-04-21T10:55:40.174] [DEBUG] cheese - login => username:admin,password:123456
[2020-04-21T10:55:40.176] [DEBUG] cheese - admin
[2020-04-21T10:55:40.491] [DEBUG] cheese - null
[2020-04-21T10:55:40.491] [DEBUG] cheese - null
[2020-04-21T10:56:13.824] [DEBUG] cheese - login => username:admin,password:123456
[2020-04-21T10:56:13.824] [DEBUG] cheese - admin
[2020-04-21T10:56:13.827] [DEBUG] cheese - null
[2020-04-21T10:56:13.827] [DEBUG] cheese - null
[2020-04-21T10:56:20.586] [DEBUG] cheese - login => username:admin,password:123456
[2020-04-21T10:56:20.587] [DEBUG] cheese - admin
[2020-04-21T10:56:20.596] [DEBUG] cheese - null
[2020-04-21T10:56:20.596] [DEBUG] cheese - null
[2020-04-21T11:23:23.200] [DEBUG] cheese - login => username:add,password:123ddd
[2020-04-21T11:23:23.201] [DEBUG] cheese - add
[2020-04-21T11:23:23.209] [DEBUG] cheese - null
[2020-04-21T11:23:23.209] [DEBUG] cheese - null
[2020-04-21T11:23:54.724] [DEBUG] cheese - login => username:admin,password:123456
[2020-04-21T11:23:54.724] [DEBUG] cheese - admin
[2020-04-21T11:23:54.731] [DEBUG] cheese - null
[2020-04-21T11:23:54.731] [DEBUG] cheese - null
[2020-04-21T11:25:24.700] [DEBUG] cheese - login => username:zsd,password:123ddd
[2020-04-21T11:25:24.700] [DEBUG] cheese - zsd
[2020-04-21T11:25:24.703] [DEBUG] cheese - null
[2020-04-21T11:25:24.703] [DEBUG] cheese - null
[2020-04-21T11:25:34.026] [DEBUG] cheese - login => username:zsd,password:123ddd
[2020-04-21T11:25:34.027] [DEBUG] cheese - zsd
[2020-04-21T11:25:34.029] [DEBUG] cheese - null
[2020-04-21T11:25:34.029] [DEBUG] cheese - null
[2020-04-21T11:29:04.605] [DEBUG] cheese - login => username:zsddddd,password:123dddddd
[2020-04-21T11:29:04.605] [DEBUG] cheese - zsddddd
[2020-04-21T11:29:04.608] [DEBUG] cheese - null
[2020-04-21T11:29:04.608] [DEBUG] cheese - null
[2020-04-21T11:32:42.429] [DEBUG] cheese - login => username:zsdddd,password:123dddddd
[2020-04-21T11:32:42.429] [DEBUG] cheese - zsdddd
[2020-04-21T11:32:42.431] [DEBUG] cheese - null
[2020-04-21T11:32:42.431] [DEBUG] cheese - null
[2020-04-21T11:32:50.091] [DEBUG] cheese - login => username:admin,password:123456
[2020-04-21T11:32:50.091] [DEBUG] cheese - admin
[2020-04-21T11:32:50.093] [DEBUG] cheese - null
[2020-04-21T11:32:50.093] [DEBUG] cheese - null
[2020-04-21T11:44:14.410] [DEBUG] cheese - login => username:zsddd,password:123ddd
[2020-04-21T11:44:14.410] [DEBUG] cheese - zsddd
[2020-04-21T11:44:14.417] [DEBUG] cheese - null
[2020-04-21T11:44:14.420] [DEBUG] cheese - null
[2020-04-21T11:44:22.562] [DEBUG] cheese - login => username:admin,password:123456
[2020-04-21T11:44:22.562] [DEBUG] cheese - admin
[2020-04-21T11:44:22.565] [DEBUG] cheese - null
[2020-04-21T11:44:22.565] [DEBUG] cheese - null
[2020-04-21T12:05:09.381] [DEBUG] cheese - login => username:admin,password:123456
[2020-04-21T12:05:09.381] [DEBUG] cheese - admin
[2020-04-21T12:05:09.385] [DEBUG] cheese - null
[2020-04-21T12:05:09.385] [DEBUG] cheese - null
[2020-04-21T12:06:16.498] [DEBUG] cheese - login => username:admin,password:123456
[2020-04-21T12:06:16.498] [DEBUG] cheese - admin
[2020-04-21T12:06:16.501] [DEBUG] cheese - null
[2020-04-21T12:06:16.501] [DEBUG] cheese - null
[2020-04-21T12:06:27.719] [DEBUG] cheese - login => username:admin,password:123456
[2020-04-21T12:06:27.719] [DEBUG] cheese - admin
[2020-04-21T12:06:27.722] [DEBUG] cheese - null
[2020-04-21T12:06:27.722] [DEBUG] cheese - null
[2020-04-21T12:23:19.638] [DEBUG] cheese - login => username:admin,password:123456
[2020-04-21T12:23:19.638] [DEBUG] cheese - admin
[2020-04-21T12:23:19.642] [DEBUG] cheese - null
[2020-04-21T12:23:19.642] [DEBUG] cheese - null
[2020-04-21T12:25:36.741] [DEBUG] cheese - login => username:admin,password:123456
[2020-04-21T12:25:36.741] [DEBUG] cheese - admin
[2020-04-21T12:25:36.743] [DEBUG] cheese - null
[2020-04-21T12:25:36.743] [DEBUG] cheese - null
[2020-04-21T12:30:10.322] [DEBUG] cheese - login => username:admin,password:123456
[2020-04-21T12:30:10.323] [DEBUG] cheese - admin
[2020-04-21T12:30:10.325] [DEBUG] cheese - null
[2020-04-21T12:30:10.325] [DEBUG] cheese - null
[2020-04-21T12:40:31.475] [DEBUG] cheese - login => username:admin,password:123456
[2020-04-21T12:40:31.475] [DEBUG] cheese - admin
[2020-04-21T12:40:31.477] [DEBUG] cheese - null
[2020-04-21T12:40:31.478] [DEBUG] cheese - null
[2020-04-21T12:41:09.740] [DEBUG] cheese - login => username:admin,password:123456
[2020-04-21T12:41:09.741] [DEBUG] cheese - admin
[2020-04-21T12:41:09.744] [DEBUG] cheese - null
[2020-04-21T12:41:09.744] [DEBUG] cheese - null
[2020-04-21T12:41:16.477] [DEBUG] cheese - login => username:admin,password:123456
[2020-04-21T12:41:16.477] [DEBUG] cheese - admin
[2020-04-21T12:41:16.479] [DEBUG] cheese - null
[2020-04-21T12:41:16.479] [DEBUG] cheese - null
[2020-04-21T13:00:08.363] [DEBUG] cheese - login => username:admin,password:123456
[2020-04-21T13:00:08.364] [DEBUG] cheese - admin
[2020-04-21T13:00:08.371] [DEBUG] cheese - null
[2020-04-21T13:00:08.371] [DEBUG] cheese - null
[2020-04-21T13:00:44.049] [DEBUG] cheese - login => username:admin,password:123456
[2020-04-21T13:00:44.049] [DEBUG] cheese - admin
[2020-04-21T13:00:44.052] [DEBUG] cheese - null
[2020-04-21T13:00:44.052] [DEBUG] cheese - null
[2020-04-21T13:30:42.466] [DEBUG] cheese - login => username:admin,password:123456
[2020-04-21T13:30:42.467] [DEBUG] cheese - admin
[2020-04-21T13:30:42.475] [DEBUG] cheese - null
[2020-04-21T13:30:42.475] [DEBUG] cheese - null
[2020-04-21T14:34:53.855] [DEBUG] cheese - login => username:admin,password:123456
[2020-04-21T14:34:53.856] [DEBUG] cheese - admin
[2020-04-21T14:34:53.868] [DEBUG] cheese - null
[2020-04-21T14:34:53.868] [DEBUG] cheese - null
[2020-04-21T14:36:20.206] [DEBUG] cheese - login => username:admin,password:123456
[2020-04-21T14:36:20.207] [DEBUG] cheese - admin
[2020-04-21T14:36:20.211] [DEBUG] cheese - null
[2020-04-21T14:36:20.211] [DEBUG] cheese - null
[2020-04-21T14:50:46.387] [DEBUG] cheese - login => username:admin,password:123456
[2020-04-21T14:50:46.388] [DEBUG] cheese - admin
[2020-04-21T14:50:46.396] [DEBUG] cheese - null
[2020-04-21T14:50:46.396] [DEBUG] cheese - null
[2020-04-21T16:54:56.208] [DEBUG] cheese - login => username:admin,password:123456
[2020-04-21T16:54:56.209] [DEBUG] cheese - admin
[2020-04-21T16:54:56.218] [DEBUG] cheese - null
[2020-04-21T16:54:56.219] [DEBUG] cheese - null
[2020-04-21T16:55:44.679] [DEBUG] cheese - login => username:admin,password:123456
[2020-04-21T16:55:44.679] [DEBUG] cheese - admin
[2020-04-21T16:55:44.683] [DEBUG] cheese - null
[2020-04-21T16:55:44.683] [DEBUG] cheese - null
[2020-04-21T16:55:54.763] [DEBUG] cheese - login => username:admin,password:123456
[2020-04-21T16:55:54.764] [DEBUG] cheese - admin
[2020-04-21T16:55:54.766] [DEBUG] cheese - null
[2020-04-21T16:55:54.766] [DEBUG] cheese - null
[2020-04-21T19:23:00.094] [DEBUG] cheese - login => username:admin,password:123456
[2020-04-21T19:23:00.095] [DEBUG] cheese - admin
[2020-04-21T19:23:00.100] [DEBUG] cheese - null
[2020-04-21T19:23:00.100] [DEBUG] cheese - null
[2020-04-22T10:28:47.723] [DEBUG] cheese - login => username:admin,password:123456
[2020-04-22T10:28:47.725] [DEBUG] cheese - admin
[2020-04-22T10:28:48.000] [DEBUG] cheese - null
[2020-04-22T10:28:48.000] [DEBUG] cheese - null
[2020-04-22T10:28:57.001] [DEBUG] cheese - login => username:admin,password:123456
[2020-04-22T10:28:57.001] [DEBUG] cheese - admin
[2020-04-22T10:28:57.004] [DEBUG] cheese - null
[2020-04-22T10:28:57.004] [DEBUG] cheese - null
[2020-04-22T10:29:40.800] [DEBUG] cheese - login => username:ddddddd,password:123456
[2020-04-22T10:29:40.801] [DEBUG] cheese - ddddddd
[2020-04-22T10:29:40.806] [DEBUG] cheese - null
[2020-04-22T10:29:40.806] [DEBUG] cheese - null
[2020-04-22T10:29:50.176] [DEBUG] cheese - login => username:admin,password:123456
[2020-04-22T10:29:50.177] [DEBUG] cheese - admin
[2020-04-22T10:29:50.179] [DEBUG] cheese - null
[2020-04-22T10:29:50.179] [DEBUG] cheese - null
[2020-04-22T10:30:05.236] [DEBUG] cheese - login => username:admin,password:123456
[2020-04-22T10:30:05.236] [DEBUG] cheese - admin
[2020-04-22T10:30:05.239] [DEBUG] cheese - null
[2020-04-22T10:30:05.239] [DEBUG] cheese - null
[2020-04-22T15:45:46.143] [DEBUG] cheese - login => username:adm,password:123456d
[2020-04-22T15:45:46.151] [DEBUG] cheese - adm
[2020-04-22T15:45:46.159] [DEBUG] cheese - null
[2020-04-22T15:45:46.160] [DEBUG] cheese - null
[2020-04-22T15:46:07.803] [DEBUG] cheese - login => username:admin,password:123456
[2020-04-22T15:46:07.803] [DEBUG] cheese - admin
[2020-04-22T15:46:07.806] [DEBUG] cheese - null
[2020-04-22T15:46:07.807] [DEBUG] cheese - null
[2020-04-22T15:46:38.220] [DEBUG] cheese - login => username:admin,password:123456
[2020-04-22T15:46:38.220] [DEBUG] cheese - admin
[2020-04-22T15:46:38.225] [DEBUG] cheese - null
[2020-04-22T15:46:38.225] [DEBUG] cheese - null
[2020-04-22T15:48:42.427] [DEBUG] cheese - login => username:admin,password:123456
[2020-04-22T15:48:42.428] [DEBUG] cheese - admin
[2020-04-22T15:48:42.433] [DEBUG] cheese - null
[2020-04-22T15:48:42.433] [DEBUG] cheese - null
[2020-04-22T15:49:06.634] [DEBUG] cheese - login => username:admin,password:123456
[2020-04-22T15:49:06.635] [DEBUG] cheese - admin
[2020-04-22T15:49:06.637] [DEBUG] cheese - null
[2020-04-22T15:49:06.637] [DEBUG] cheese - null
[2020-04-22T15:49:25.411] [DEBUG] cheese - login => username:admin,password:123456
[2020-04-22T15:49:25.411] [DEBUG] cheese - admin
[2020-04-22T15:49:25.414] [DEBUG] cheese - null
[2020-04-22T15:49:25.414] [DEBUG] cheese - null
[2020-04-22T16:32:51.912] [DEBUG] cheese - login => username:admin,password:123456
[2020-04-22T16:32:51.913] [DEBUG] cheese - admin
[2020-04-22T16:32:51.924] [DEBUG] cheese - null
[2020-04-22T16:32:51.924] [DEBUG] cheese - null
[2020-04-23T07:54:01.705] [DEBUG] cheese - login => username:admin,password:123456
[2020-04-23T07:54:01.707] [DEBUG] cheese - admin
[2020-04-23T07:54:01.930] [DEBUG] cheese - null
[2020-04-23T07:54:01.931] [DEBUG] cheese - null
[2020-04-23T07:54:12.697] [DEBUG] cheese - login => username:admin,password:123456
[2020-04-23T07:54:12.697] [DEBUG] cheese - admin
[2020-04-23T07:54:12.701] [DEBUG] cheese - null
[2020-04-23T07:54:12.701] [DEBUG] cheese - null
[2020-04-23T07:54:27.997] [DEBUG] cheese - login => username:admin,password:123456
[2020-04-23T07:54:27.997] [DEBUG] cheese - admin
[2020-04-23T07:54:28.000] [DEBUG] cheese - null
[2020-04-23T07:54:28.000] [DEBUG] cheese - null
[2020-04-23T07:54:41.257] [DEBUG] cheese - login => username:admin,password:123456
[2020-04-23T07:54:41.257] [DEBUG] cheese - admin
[2020-04-23T07:54:41.259] [DEBUG] cheese - null
[2020-04-23T07:54:41.260] [DEBUG] cheese - null
[2020-04-23T18:07:39.046] [DEBUG] cheese - login => username:admin,password:123456
[2020-04-23T18:07:39.079] [DEBUG] cheese - admin
[2020-04-23T18:07:39.084] [DEBUG] cheese - null
[2020-04-23T18:07:39.084] [DEBUG] cheese - null
[2020-04-23T18:54:59.240] [DEBUG] cheese - login => username:admin,password:123456
[2020-04-23T18:54:59.241] [DEBUG] cheese - admin
[2020-04-23T18:54:59.251] [DEBUG] cheese - null
[2020-04-23T18:54:59.251] [DEBUG] cheese - null
[2020-04-23T18:55:31.967] [DEBUG] cheese - login => username:admin,password:123456
[2020-04-23T18:55:31.967] [DEBUG] cheese - admin
[2020-04-23T18:55:31.970] [DEBUG] cheese - null
[2020-04-23T18:55:31.970] [DEBUG] cheese - null
[2020-04-23T19:03:57.975] [DEBUG] cheese - login => username:admin,password:123456
[2020-04-23T19:03:57.975] [DEBUG] cheese - admin
[2020-04-23T19:03:57.977] [DEBUG] cheese - null
[2020-04-23T19:03:57.977] [DEBUG] cheese - null
[2020-04-24T09:46:25.373] [DEBUG] cheese - login => username:admin,password:123456
[2020-04-24T09:46:25.375] [DEBUG] cheese - admin
[2020-04-24T09:46:25.445] [DEBUG] cheese - null
[2020-04-24T09:46:25.445] [DEBUG] cheese - null
[2020-04-24T11:10:00.346] [DEBUG] cheese - login => username:admin,password:123456
[2020-04-24T11:10:00.360] [DEBUG] cheese - admin
[2020-04-24T11:10:00.368] [DEBUG] cheese - null
[2020-04-24T11:10:00.368] [DEBUG] cheese - null
[2020-04-24T11:10:58.099] [DEBUG] cheese - login => username:admin,password:123456
[2020-04-24T11:10:58.100] [DEBUG] cheese - admin
[2020-04-24T11:10:58.102] [DEBUG] cheese - null
[2020-04-24T11:10:58.102] [DEBUG] cheese - null
[2020-04-24T11:11:18.365] [DEBUG] cheese - login => username:admin,password:123456
[2020-04-24T11:11:18.365] [DEBUG] cheese - admin
[2020-04-24T11:11:18.366] [DEBUG] cheese - null
[2020-04-24T11:11:18.367] [DEBUG] cheese - null
[2020-04-24T13:35:42.571] [DEBUG] cheese - login => username:admin,password:123456
[2020-04-24T13:35:42.572] [DEBUG] cheese - admin
[2020-04-24T13:35:42.587] [DEBUG] cheese - null
[2020-04-24T13:35:42.587] [DEBUG] cheese - null
[2020-04-24T13:45:07.430] [DEBUG] cheese - login => username:admin,password:123456
[2020-04-24T13:45:07.430] [DEBUG] cheese - admin
[2020-04-24T13:45:07.473] [DEBUG] cheese - null
[2020-04-24T13:45:07.473] [DEBUG] cheese - null
[2020-04-24T16:32:45.623] [DEBUG] cheese - null
[2020-04-24T16:36:04.686] [DEBUG] cheese - login => username:admin,password:123456
[2020-04-24T16:36:04.687] [DEBUG] cheese - admin
[2020-04-24T16:36:04.699] [DEBUG] cheese - null
[2020-04-24T16:36:04.699] [DEBUG] cheese - null
[2020-04-24T16:36:22.020] [DEBUG] cheese - null
[2020-04-24T16:46:26.251] [DEBUG] cheese - login => username:admin,password:123456
[2020-04-24T16:46:26.253] [DEBUG] cheese - admin
[2020-04-24T16:46:26.265] [DEBUG] cheese - null
[2020-04-24T16:46:26.266] [DEBUG] cheese - null
[2020-04-24T16:47:02.836] [DEBUG] cheese - null
[2020-04-24T16:50:17.371] [DEBUG] cheese - null
[2020-04-24T16:50:26.222] [DEBUG] cheese - null
[2020-04-24T16:50:33.240] [DEBUG] cheese - null
[2020-04-24T16:50:41.266] [DEBUG] cheese - null
[2020-04-24T20:32:42.507] [DEBUG] cheese - login => username:admin,password:123456
[2020-04-24T20:32:42.507] [DEBUG] cheese - admin
[2020-04-24T20:32:42.511] [DEBUG] cheese - null
[2020-04-24T20:32:42.511] [DEBUG] cheese - null
[2020-04-24T20:42:30.498] [DEBUG] cheese - null
[2020-04-24T20:42:33.531] [DEBUG] cheese - null
[2020-04-24T20:42:39.614] [DEBUG] cheese - null
[2020-04-24T20:42:46.078] [DEBUG] cheese - null
[2020-04-26T08:08:09.135] [DEBUG] cheese - login => username:admin,password:123456
[2020-04-26T08:08:09.136] [DEBUG] cheese - admin
[2020-04-26T08:08:09.185] [DEBUG] cheese - null
[2020-04-26T08:08:09.186] [DEBUG] cheese - null
[2020-04-26T08:49:05.646] [DEBUG] cheese - null
[2020-04-26T08:49:07.971] [DEBUG] cheese - null
[2020-04-26T11:33:15.259] [DEBUG] cheese - login => username:admin,password:123456
[2020-04-26T11:33:15.261] [DEBUG] cheese - admin
[2020-04-26T11:33:15.267] [DEBUG] cheese - null
[2020-04-26T11:33:15.268] [DEBUG] cheese - null
[2020-04-27T08:00:14.106] [DEBUG] cheese - login => username:admin,password:123456
[2020-04-27T08:00:14.109] [DEBUG] cheese - admin
[2020-04-27T08:00:14.272] [DEBUG] cheese - null
[2020-04-27T08:00:14.273] [DEBUG] cheese - null
[2020-04-27T08:31:08.550] [DEBUG] cheese - login => username:admin,password:123456
[2020-04-27T08:31:08.551] [DEBUG] cheese - admin
[2020-04-27T08:31:08.557] [DEBUG] cheese - null
[2020-04-27T08:31:08.557] [DEBUG] cheese - null
[2020-04-27T15:15:43.991] [DEBUG] cheese - login => username:admin,password:123456
[2020-04-27T15:15:43.993] [DEBUG] cheese - admin
[2020-04-27T15:15:43.997] [DEBUG] cheese - null
[2020-04-27T15:15:43.997] [DEBUG] cheese - null
[2020-04-30T08:49:19.747] [DEBUG] cheese - login => username:admin,password:123456
[2020-04-30T08:49:19.749] [DEBUG] cheese - admin
[2020-04-30T08:49:19.886] [DEBUG] cheese - null
[2020-04-30T08:49:19.887] [DEBUG] cheese - null
[2020-04-30T10:31:32.318] [DEBUG] cheese - null
[2020-04-30T14:01:39.881] [DEBUG] cheese - login => username:admin,password:123456
[2020-04-30T14:01:39.925] [DEBUG] cheese - admin
[2020-04-30T14:01:39.942] [DEBUG] cheese - null
[2020-04-30T14:01:39.943] [DEBUG] cheese - null
[2020-04-30T14:42:29.382] [DEBUG] cheese - login => username:admin,password:123456
[2020-04-30T14:42:29.382] [DEBUG] cheese - admin
[2020-04-30T14:42:29.387] [DEBUG] cheese - null
[2020-04-30T14:42:29.387] [DEBUG] cheese - null
[2020-04-30T14:57:49.573] [DEBUG] cheese - login => username:admin,password:123456
[2020-04-30T14:57:49.575] [DEBUG] cheese - admin
[2020-04-30T14:57:49.591] [DEBUG] cheese - null
[2020-04-30T14:57:49.592] [DEBUG] cheese - null
[2020-04-30T15:20:58.708] [DEBUG] cheese - login => username:admin,password:123456
[2020-04-30T15:20:58.712] [DEBUG] cheese - admin
[2020-04-30T15:20:58.723] [DEBUG] cheese - null
[2020-04-30T15:20:58.724] [DEBUG] cheese - null
[2020-04-30T15:24:27.575] [DEBUG] cheese - login => username:admin,password:123456
[2020-04-30T15:24:27.575] [DEBUG] cheese - admin
[2020-04-30T15:24:27.579] [DEBUG] cheese - null
[2020-04-30T15:24:27.579] [DEBUG] cheese - null
[2020-04-30T15:33:04.997] [DEBUG] cheese - login => username:admin,password:123456
[2020-04-30T15:33:04.997] [DEBUG] cheese - admin
[2020-04-30T15:33:05.000] [DEBUG] cheese - null
[2020-04-30T15:33:05.000] [DEBUG] cheese - null
[2020-04-30T15:57:46.464] [DEBUG] cheese - login => username:admin,password:123456
[2020-04-30T15:57:46.464] [DEBUG] cheese - admin
[2020-04-30T15:57:46.471] [DEBUG] cheese - null
[2020-04-30T15:57:46.471] [DEBUG] cheese - null
[2020-04-30T17:39:33.861] [DEBUG] cheese - login => username:admin,password:123456
[2020-04-30T17:39:33.863] [DEBUG] cheese - admin
[2020-04-30T17:39:34.041] [DEBUG] cheese - null
[2020-04-30T17:39:34.041] [DEBUG] cheese - null
[2020-04-30T18:40:35.482] [DEBUG] cheese - login => username:admin,password:123456
[2020-04-30T18:40:35.486] [DEBUG] cheese - admin
[2020-04-30T18:40:35.501] [DEBUG] cheese - null
[2020-04-30T18:40:35.502] [DEBUG] cheese - null
[2020-04-30T19:34:35.886] [DEBUG] cheese - login => username:admin,password:123456
[2020-04-30T19:34:35.888] [DEBUG] cheese - admin
[2020-04-30T19:34:35.904] [DEBUG] cheese - null
[2020-04-30T19:34:35.904] [DEBUG] cheese - null
[2020-05-01T10:18:36.895] [DEBUG] cheese - login => username:admin,password:123456
[2020-05-01T10:18:36.897] [DEBUG] cheese - admin
[2020-05-01T10:18:36.963] [DEBUG] cheese - null
[2020-05-01T10:18:36.964] [DEBUG] cheese - null
[2020-05-01T10:42:20.561] [DEBUG] cheese - login => username:admin,password:123456
[2020-05-01T10:42:20.563] [DEBUG] cheese - admin
[2020-05-01T10:42:20.570] [DEBUG] cheese - null
[2020-05-01T10:42:20.571] [DEBUG] cheese - null
[2020-05-01T14:12:43.512] [DEBUG] cheese - login => username:admin,password:123456
[2020-05-01T14:12:43.521] [DEBUG] cheese - admin
[2020-05-01T14:12:43.527] [DEBUG] cheese - null
[2020-05-01T14:12:43.527] [DEBUG] cheese - null
[2020-05-01T14:17:32.694] [DEBUG] cheese - login => username:admin,password:123456
[2020-05-01T14:17:32.694] [DEBUG] cheese - admin
[2020-05-01T14:17:32.697] [DEBUG] cheese - null
[2020-05-01T14:17:32.697] [DEBUG] cheese - null
[2020-05-01T14:20:21.042] [DEBUG] cheese - login => username:admin,password:123456
[2020-05-01T14:20:21.042] [DEBUG] cheese - admin
[2020-05-01T14:20:21.044] [DEBUG] cheese - null
[2020-05-01T14:20:21.045] [DEBUG] cheese - null
[2020-05-01T14:20:25.022] [DEBUG] cheese - login => username:admin,password:123456
[2020-05-01T14:20:25.023] [DEBUG] cheese - admin
[2020-05-01T14:20:25.025] [DEBUG] cheese - null
[2020-05-01T14:20:25.025] [DEBUG] cheese - null
[2020-05-01T14:25:34.121] [DEBUG] cheese - login => username:admin,password:123456
[2020-05-01T14:25:34.121] [DEBUG] cheese - admin
[2020-05-01T14:25:34.124] [DEBUG] cheese - null
[2020-05-01T14:25:34.124] [DEBUG] cheese - null
[2020-05-01T14:35:31.925] [DEBUG] cheese - login => username:admin,password:123456
[2020-05-01T14:35:31.928] [DEBUG] cheese - admin
[2020-05-01T14:35:31.935] [DEBUG] cheese - null
[2020-05-01T14:35:31.935] [DEBUG] cheese - null
[2020-05-01T14:36:00.096] [DEBUG] cheese - login => username:admin,password:123456
[2020-05-01T14:36:00.096] [DEBUG] cheese - admin
[2020-05-01T14:36:00.131] [DEBUG] cheese - null
[2020-05-01T14:36:00.132] [DEBUG] cheese - null
[2020-05-01T14:39:43.095] [DEBUG] cheese - null
[2020-05-01T15:07:45.714] [DEBUG] cheese - login => username:admin,password:123456
[2020-05-01T15:07:45.715] [DEBUG] cheese - admin
[2020-05-01T15:07:45.720] [DEBUG] cheese - null
[2020-05-01T15:07:45.721] [DEBUG] cheese - null
